<?xml version="1.0" encoding="UTF-8"?>
<!-- Generated by org.testng.reporters.JUnitReportReporter -->
<testsuite hostname="Pa-PC" name="com.parag.runner.TestRunner" tests="1" failures="0" timestamp="27 Jan 2021 10:51:52 GMT" time="29.381" errors="0">
  <testcase name="feature" time="29.381" classname="com.parag.runner.TestRunner"/>
</testsuite> <!-- com.parag.runner.TestRunner -->
